<?xml version="1.0" encoding="UTF-8"?>
<testng-results ignored="0" total="1" passed="1" failed="0" skipped="0">
  <reporter-output>
  </reporter-output>
  <suite started-at="2025-12-03T18:10:40 IST" name="Default suite" finished-at="2025-12-03T18:11:02 IST" duration-ms="22383">
    <groups>
    </groups>
    <test started-at="2025-12-03T18:10:40 IST" name="Default test" finished-at="2025-12-03T18:11:02 IST" duration-ms="22383">
      <class name="flipkart.Script_FlipkartProject">
        <test-method signature="suite()[pri:0, instance:flipkart.Script_FlipkartProject@5aebe890]" started-at="2025-12-03T18:10:40 IST" name="suite" finished-at="2025-12-03T18:11:02 IST" duration-ms="22317" status="PASS">
          <reporter-output>
          </reporter-output>
        </test-method> <!-- suite -->
      </class> <!-- flipkart.Script_FlipkartProject -->
    </test> <!-- Default test -->
  </suite> <!-- Default suite -->
</testng-results>
